<?xml version="1.0" encoding="UTF-8"?>
<Site BuildName="(empty)"
	BuildStamp="20230830-0451-Experimental"
	Name="ibrahim-Lenovo-V130-15IKB"
	Generator="ctest-3.22.1"
	CompilerName="/usr/bin/g++"
	CompilerVersion="11.4.0"
	OSName="Linux"
	Hostname="ibrahim-Lenovo-V130-15IKB"
	OSRelease="5.19.0-50-generic"
	OSVersion="#50-Ubuntu SMP PREEMPT_DYNAMIC Mon Jul 10 18:24:29 UTC 2023"
	OSPlatform="x86_64"
	Is64Bits="1"
	VendorString="GenuineIntel"
	VendorID="Intel Corporation"
	FamilyID="6"
	ModelID="142"
	ProcessorCacheSize="4096"
	NumberOfLogicalCPU="4"
	NumberOfPhysicalCPU="2"
	TotalVirtualMemory="2047"
	TotalPhysicalMemory="7268"
	LogicalProcessorsPerPhysical="2"
	ProcessorClockFrequency="3319.81"
	>
	<Testing>
		<StartDateTime>Aug 30 09:58 PKT</StartDateTime>
		<StartTestTime>1693371513</StartTestTime>
		<TestList/>
		<EndDateTime>Aug 30 09:58 PKT</EndDateTime>
		<EndTestTime>1693371513</EndTestTime>
		<ElapsedMinutes>0</ElapsedMinutes>
	</Testing>
</Site>
