<?xml version="1.0" encoding="UTF-8"?>
<Site BuildName="(empty)"
	BuildStamp="20230822-0502-Experimental"
	Name="ibrahim-Lenovo-V130-15IKB"
	Generator="ctest-3.22.1"
	CompilerName="/usr/bin/g++"
	CompilerVersion="11.4.0"
	OSName="Linux"
	Hostname="ibrahim-Lenovo-V130-15IKB"
	OSRelease="6.2.0-26-generic"
	OSVersion="#26~22.04.1-Ubuntu SMP PREEMPT_DYNAMIC Thu Jul 13 16:27:29 UTC 2"
	OSPlatform="x86_64"
	Is64Bits="1"
	VendorString="GenuineIntel"
	VendorID="Intel Corporation"
	FamilyID="6"
	ModelID="142"
	ProcessorCacheSize="4096"
	NumberOfLogicalCPU="4"
	NumberOfPhysicalCPU="2"
	TotalVirtualMemory="2047"
	TotalPhysicalMemory="7264"
	LogicalProcessorsPerPhysical="2"
	ProcessorClockFrequency="3237.37"
	>
	<Testing>
		<StartDateTime>Aug 22 11:37 PKT</StartDateTime>
		<StartTestTime>1692686258</StartTestTime>
		<TestList/>
		<EndDateTime>Aug 22 11:37 PKT</EndDateTime>
		<EndTestTime>1692686258</EndTestTime>
		<ElapsedMinutes>0</ElapsedMinutes>
	</Testing>
</Site>
